{"name":"hexo","hostname":"DESKTOP-52D0M16","pid":2112,"level":20,"msg":"Writing database to E:\\Blog\\my_blog/db.json","time":"2019-03-02T05:54:51.908Z","v":0}
{"name":"hexo","hostname":"DESKTOP-52D0M16","pid":2112,"level":20,"msg":"Hexo version: 3.8.0","time":"2019-03-02T05:54:51.940Z","v":0}
{"name":"hexo","hostname":"DESKTOP-52D0M16","pid":2112,"level":20,"msg":"Working directory: E:\\Blog\\my_blog\\","time":"2019-03-02T05:54:51.941Z","v":0}
{"name":"hexo","hostname":"DESKTOP-52D0M16","pid":2112,"level":20,"msg":"Config loaded: E:\\Blog\\my_blog\\_config.yml","time":"2019-03-02T05:54:52.314Z","v":0}
{"name":"hexo","hostname":"DESKTOP-52D0M16","pid":2112,"level":20,"msg":"Plugin loaded: hexo-asset-image","time":"2019-03-02T05:54:52.617Z","v":0}
{"name":"hexo","hostname":"DESKTOP-52D0M16","pid":2112,"level":20,"msg":"Plugin loaded: hexo-deployer-git","time":"2019-03-02T05:54:52.873Z","v":0}
{"name":"hexo","hostname":"DESKTOP-52D0M16","pid":2112,"level":20,"msg":"Plugin loaded: hexo-generator-archive","time":"2019-03-02T05:54:52.884Z","v":0}
{"name":"hexo","hostname":"DESKTOP-52D0M16","pid":2112,"level":20,"msg":"Plugin loaded: hexo-generator-category","time":"2019-03-02T05:54:52.891Z","v":0}
{"name":"hexo","hostname":"DESKTOP-52D0M16","pid":2112,"level":20,"msg":"Plugin loaded: hexo-generator-feed","time":"2019-03-02T05:54:52.899Z","v":0}
{"name":"hexo","hostname":"DESKTOP-52D0M16","pid":2112,"level":20,"msg":"Plugin loaded: hexo-generator-index","time":"2019-03-02T05:54:52.904Z","v":0}
{"name":"hexo","hostname":"DESKTOP-52D0M16","pid":2112,"level":20,"msg":"Plugin loaded: hexo-generator-search","time":"2019-03-02T05:54:52.911Z","v":0}
{"name":"hexo","hostname":"DESKTOP-52D0M16","pid":2112,"level":20,"msg":"Plugin loaded: hexo-generator-searchdb","time":"2019-03-02T05:54:52.937Z","v":0}
{"name":"hexo","hostname":"DESKTOP-52D0M16","pid":2112,"level":20,"msg":"Plugin loaded: hexo-generator-tag","time":"2019-03-02T05:54:52.944Z","v":0}
{"name":"hexo","hostname":"DESKTOP-52D0M16","pid":2112,"level":20,"msg":"Plugin loaded: hexo-permalink-pinyin","time":"2019-03-02T05:54:52.965Z","v":0}
{"name":"hexo","hostname":"DESKTOP-52D0M16","pid":2112,"level":20,"msg":"Plugin loaded: hexo-prism-plugin","time":"2019-03-02T05:54:53.369Z","v":0}
{"name":"hexo","hostname":"DESKTOP-52D0M16","pid":2112,"level":20,"msg":"Plugin loaded: hexo-renderer-ejs","time":"2019-03-02T05:54:53.380Z","v":0}
{"name":"hexo","hostname":"DESKTOP-52D0M16","pid":2112,"level":20,"msg":"Plugin loaded: hexo-renderer-kramed","time":"2019-03-02T05:54:53.416Z","v":0}
{"name":"hexo","hostname":"DESKTOP-52D0M16","pid":2112,"level":20,"msg":"Plugin loaded: hexo-renderer-mathjax","time":"2019-03-02T05:54:53.427Z","v":0}
{"name":"hexo","hostname":"DESKTOP-52D0M16","pid":2112,"level":20,"msg":"Plugin loaded: hexo-renderer-stylus","time":"2019-03-02T05:54:53.431Z","v":0}
{"name":"hexo","hostname":"DESKTOP-52D0M16","pid":2112,"level":20,"msg":"Plugin loaded: hexo-server","time":"2019-03-02T05:54:53.662Z","v":0}
{"name":"hexo","hostname":"DESKTOP-52D0M16","pid":2112,"level":20,"msg":"Plugin loaded: hexo-symbols-count-time","time":"2019-03-02T05:54:53.664Z","v":0}
{"name":"hexo","hostname":"DESKTOP-52D0M16","pid":2112,"level":20,"msg":"Plugin loaded: hexo-tag-aplayer","time":"2019-03-02T05:54:54.457Z","v":0}
{"name":"hexo","hostname":"DESKTOP-52D0M16","pid":2112,"level":20,"msg":"Plugin loaded: hexo-tag-dplayer","time":"2019-03-02T05:54:54.482Z","v":0}
{"name":"hexo","hostname":"DESKTOP-52D0M16","pid":2112,"level":20,"msg":"Script loaded: themes\\hexo-theme-next\\scripts\\helpers\\engine.js","time":"2019-03-02T05:54:54.526Z","v":0}
{"name":"hexo","hostname":"DESKTOP-52D0M16","pid":2112,"level":20,"msg":"Script loaded: themes\\hexo-theme-next\\scripts\\filters\\exturl.js","time":"2019-03-02T05:54:54.526Z","v":0}
{"name":"hexo","hostname":"DESKTOP-52D0M16","pid":2112,"level":20,"msg":"Script loaded: themes\\hexo-theme-next\\scripts\\helpers\\next-url.js","time":"2019-03-02T05:54:54.527Z","v":0}
{"name":"hexo","hostname":"DESKTOP-52D0M16","pid":2112,"level":20,"msg":"Script loaded: themes\\hexo-theme-next\\scripts\\merge-configs.js","time":"2019-03-02T05:54:54.533Z","v":0}
{"name":"hexo","hostname":"DESKTOP-52D0M16","pid":2112,"level":20,"msg":"Script loaded: themes\\hexo-theme-next\\scripts\\tags\\button.js","time":"2019-03-02T05:54:54.535Z","v":0}
{"name":"hexo","hostname":"DESKTOP-52D0M16","pid":2112,"level":20,"msg":"Script loaded: themes\\hexo-theme-next\\scripts\\tags\\exturl.js","time":"2019-03-02T05:54:54.538Z","v":0}
{"name":"hexo","hostname":"DESKTOP-52D0M16","pid":2112,"level":20,"msg":"Script loaded: themes\\hexo-theme-next\\scripts\\tags\\center-quote.js","time":"2019-03-02T05:54:54.539Z","v":0}
{"name":"hexo","hostname":"DESKTOP-52D0M16","pid":2112,"level":20,"msg":"Script loaded: themes\\hexo-theme-next\\scripts\\tags\\full-image.js","time":"2019-03-02T05:54:54.539Z","v":0}
{"name":"hexo","hostname":"DESKTOP-52D0M16","pid":2112,"level":20,"msg":"Script loaded: themes\\hexo-theme-next\\scripts\\tags\\include-raw.js","time":"2019-03-02T05:54:54.543Z","v":0}
{"name":"hexo","hostname":"DESKTOP-52D0M16","pid":2112,"level":20,"msg":"Script loaded: themes\\hexo-theme-next\\scripts\\tags\\label.js","time":"2019-03-02T05:54:54.544Z","v":0}
{"name":"hexo","hostname":"DESKTOP-52D0M16","pid":2112,"level":20,"msg":"Script loaded: themes\\hexo-theme-next\\scripts\\tags\\note.js","time":"2019-03-02T05:54:54.544Z","v":0}
{"name":"hexo","hostname":"DESKTOP-52D0M16","pid":2112,"level":20,"msg":"Script loaded: themes\\hexo-theme-next\\scripts\\tags\\group-pictures.js","time":"2019-03-02T05:54:54.546Z","v":0}
{"name":"hexo","hostname":"DESKTOP-52D0M16","pid":2112,"level":20,"msg":"Script loaded: themes\\hexo-theme-next\\scripts\\tags\\tabs.js","time":"2019-03-02T05:54:54.547Z","v":0}
{"name":"hexo","hostname":"DESKTOP-52D0M16","pid":2112,"level":20,"msg":"Script loaded: themes\\hexo-theme-next\\scripts\\merge.js","time":"2019-03-02T05:54:54.553Z","v":0}
{"name":"hexo","hostname":"DESKTOP-52D0M16","pid":2112,"level":20,"msg":"Database saved","time":"2019-03-02T05:54:54.559Z","v":0}
